[
  {
    "line": 3,
    "elements": [
      {
        "start_timestamp": "2022-08-02T03:19:01.422Z",
        "line": 4,
        "name": "Ebooks Login test via faceboook",
        "description": "",
        "id": "ebooks-login-test-via-faceboook;ebooks-login-test-via-faceboook",
        "after": [
          {
            "result": {
              "error_message": "org.openqa.selenium.WebDriverException: chrome not reachable\n  (Session info: chrome\u003d103.0.5060.134)\nBuild info: version: \u00273.141.59\u0027, revision: \u0027e82be7d358\u0027, time: \u00272018-11-14T08:17:03\u0027\nSystem info: host: \u0027SLIDEQA2\u0027, ip: \u0027192.168.43.28\u0027, os.name: \u0027Windows 10\u0027, os.arch: \u0027amd64\u0027, os.version: \u002710.0\u0027, java.version: \u002717\u0027\nDriver info: org.openqa.selenium.chrome.ChromeDriver\nCapabilities {acceptInsecureCerts: false, browserName: chrome, browserVersion: 103.0.5060.134, chrome: {chromedriverVersion: 103.0.5060.134 (8ec6fce403b..., userDataDir: C:\\Users\\SLIDEQ~1\\AppData\\L...}, goog:chromeOptions: {debuggerAddress: localhost:63085}, javascriptEnabled: true, networkConnectionEnabled: false, pageLoadStrategy: normal, platform: WINDOWS, platformName: WINDOWS, proxy: Proxy(), setWindowRect: true, strictFileInteractability: false, timeouts: {implicit: 0, pageLoad: 300000, script: 30000}, unhandledPromptBehavior: dismiss and notify, webauthn:extension:credBlob: true, webauthn:extension:largeBlob: true, webauthn:virtualAuthenticators: true}\nSession ID: 2535adf9941b42e7dccb6bdbf822a4c9\r\n\tat java.base/jdk.internal.reflect.NativeConstructorAccessorImpl.newInstance0(Native Method)\r\n\tat java.base/jdk.internal.reflect.NativeConstructorAccessorImpl.newInstance(NativeConstructorAccessorImpl.java:77)\r\n\tat java.base/jdk.internal.reflect.DelegatingConstructorAccessorImpl.newInstance(DelegatingConstructorAccessorImpl.java:45)\r\n\tat java.base/java.lang.reflect.Constructor.newInstanceWithCaller(Constructor.java:499)\r\n\tat java.base/java.lang.reflect.Constructor.newInstance(Constructor.java:480)\r\n\tat org.openqa.selenium.remote.http.W3CHttpResponseCodec.createException(W3CHttpResponseCodec.java:187)\r\n\tat org.openqa.selenium.remote.http.W3CHttpResponseCodec.decode(W3CHttpResponseCodec.java:122)\r\n\tat org.openqa.selenium.remote.http.W3CHttpResponseCodec.decode(W3CHttpResponseCodec.java:49)\r\n\tat org.openqa.selenium.remote.HttpCommandExecutor.execute(HttpCommandExecutor.java:158)\r\n\tat org.openqa.selenium.remote.service.DriverCommandExecutor.execute(DriverCommandExecutor.java:83)\r\n\tat org.openqa.selenium.remote.RemoteWebDriver.execute(RemoteWebDriver.java:552)\r\n\tat org.openqa.selenium.remote.RemoteWebDriver.execute(RemoteWebDriver.java:609)\r\n\tat org.openqa.selenium.remote.RemoteWebDriver.getScreenshotAs(RemoteWebDriver.java:295)\r\n\tat stepDefination.TakeImageStep.tearDown(TakeImageStep.java:22)\r\n",
              "duration": 12203784500,
              "status": "failed"
            },
            "match": {
              "location": "stepDefination.TakeImageStep.tearDown(io.cucumber.java.Scenario)"
            }
          }
        ],
        "type": "scenario",
        "keyword": "Scenario",
        "steps": [
          {
            "result": {
              "duration": 14715945800,
              "status": "passed"
            },
            "line": 5,
            "name": "Go to the Home page",
            "match": {
              "location": "stepDefination.FacebookLogin.go_to_the_Home_page()"
            },
            "keyword": "Given "
          },
          {
            "result": {
              "duration": 7913653300,
              "status": "passed"
            },
            "line": 6,
            "name": "Click on ebook button",
            "match": {
              "location": "stepDefination.FacebookLogin.click_on_ebook_button()"
            },
            "keyword": "Then "
          },
          {
            "result": {
              "duration": 3166219100,
              "status": "passed"
            },
            "line": 7,
            "name": "Click on Buynow option",
            "match": {
              "location": "stepDefination.FacebookLogin.click_on_Buynow_option()"
            },
            "keyword": "Then "
          },
          {
            "result": {
              "duration": 5198812200,
              "status": "passed"
            },
            "line": 8,
            "name": "Click on facebook option",
            "match": {
              "location": "stepDefination.FacebookLogin.click_on_facebook_option()"
            },
            "keyword": "Then "
          },
          {
            "result": {
              "duration": 21058092100,
              "status": "passed"
            },
            "line": 9,
            "name": "Enter valid credentials",
            "match": {
              "location": "stepDefination.FacebookLogin.enter_valid_credentials()"
            },
            "keyword": "Then "
          },
          {
            "result": {
              "status": "passed"
            },
            "line": 10,
            "name": "Verify that user is successfully logged in",
            "match": {
              "location": "stepDefination.FacebookLogin.verify_that_user_is_successfully_logged_in()"
            },
            "keyword": "Then "
          },
          {
            "result": {
              "duration": 37641060600,
              "status": "passed"
            },
            "line": 11,
            "name": "Download the selected ebbok",
            "match": {
              "location": "stepDefination.FacebookLogin.download_the_selected_ebbok()"
            },
            "keyword": "Then "
          },
          {
            "result": {
              "error_message": "org.openqa.selenium.WebDriverException: chrome not reachable\n  (Session info: chrome\u003d103.0.5060.134)\nBuild info: version: \u00273.141.59\u0027, revision: \u0027e82be7d358\u0027, time: \u00272018-11-14T08:17:03\u0027\nSystem info: host: \u0027SLIDEQA2\u0027, ip: \u0027192.168.43.28\u0027, os.name: \u0027Windows 10\u0027, os.arch: \u0027amd64\u0027, os.version: \u002710.0\u0027, java.version: \u002717\u0027\nDriver info: org.openqa.selenium.chrome.ChromeDriver\nCapabilities {acceptInsecureCerts: false, browserName: chrome, browserVersion: 103.0.5060.134, chrome: {chromedriverVersion: 103.0.5060.134 (8ec6fce403b..., userDataDir: C:\\Users\\SLIDEQ~1\\AppData\\L...}, goog:chromeOptions: {debuggerAddress: localhost:63085}, javascriptEnabled: true, networkConnectionEnabled: false, pageLoadStrategy: normal, platform: WINDOWS, platformName: WINDOWS, proxy: Proxy(), setWindowRect: true, strictFileInteractability: false, timeouts: {implicit: 0, pageLoad: 300000, script: 30000}, unhandledPromptBehavior: dismiss and notify, webauthn:extension:credBlob: true, webauthn:extension:largeBlob: true, webauthn:virtualAuthenticators: true}\nSession ID: 2535adf9941b42e7dccb6bdbf822a4c9\n*** Element info: {Using\u003dlink text, value\u003dLOGOUT}\r\n\tat java.base/jdk.internal.reflect.NativeConstructorAccessorImpl.newInstance0(Native Method)\r\n\tat java.base/jdk.internal.reflect.NativeConstructorAccessorImpl.newInstance(NativeConstructorAccessorImpl.java:77)\r\n\tat java.base/jdk.internal.reflect.DelegatingConstructorAccessorImpl.newInstance(DelegatingConstructorAccessorImpl.java:45)\r\n\tat java.base/java.lang.reflect.Constructor.newInstanceWithCaller(Constructor.java:499)\r\n\tat java.base/java.lang.reflect.Constructor.newInstance(Constructor.java:480)\r\n\tat org.openqa.selenium.remote.http.W3CHttpResponseCodec.createException(W3CHttpResponseCodec.java:187)\r\n\tat org.openqa.selenium.remote.http.W3CHttpResponseCodec.decode(W3CHttpResponseCodec.java:122)\r\n\tat org.openqa.selenium.remote.http.W3CHttpResponseCodec.decode(W3CHttpResponseCodec.java:49)\r\n\tat org.openqa.selenium.remote.HttpCommandExecutor.execute(HttpCommandExecutor.java:158)\r\n\tat org.openqa.selenium.remote.service.DriverCommandExecutor.execute(DriverCommandExecutor.java:83)\r\n\tat org.openqa.selenium.remote.RemoteWebDriver.execute(RemoteWebDriver.java:552)\r\n\tat org.openqa.selenium.remote.RemoteWebDriver.findElement(RemoteWebDriver.java:323)\r\n\tat org.openqa.selenium.remote.RemoteWebDriver.findElementByLinkText(RemoteWebDriver.java:380)\r\n\tat org.openqa.selenium.By$ByLinkText.findElement(By.java:220)\r\n\tat org.openqa.selenium.remote.RemoteWebDriver.findElement(RemoteWebDriver.java:315)\r\n\tat org.openqa.selenium.support.ui.ExpectedConditions$7.apply(ExpectedConditions.java:205)\r\n\tat org.openqa.selenium.support.ui.ExpectedConditions$7.apply(ExpectedConditions.java:201)\r\n\tat org.openqa.selenium.support.ui.ExpectedConditions$22.apply(ExpectedConditions.java:641)\r\n\tat org.openqa.selenium.support.ui.ExpectedConditions$22.apply(ExpectedConditions.java:638)\r\n\tat org.openqa.selenium.support.ui.FluentWait.until(FluentWait.java:249)\r\n\tat stepDefination.FacebookLogin.logout_from_the_application(FacebookLogin.java:147)\r\n\tat âœ½.Logout from the application(file:///D:/Selenium%20Live%20Projects/slidegeeksEbooksLoginTest/./src/test/java/features/FacebookLogin.feature:12)\r\n",
              "duration": 7130481500,
              "status": "failed"
            },
            "line": 12,
            "name": "Logout from the application",
            "match": {
              "location": "stepDefination.FacebookLogin.logout_from_the_application()"
            },
            "keyword": "Then "
          }
        ],
        "tags": [
          {
            "name": "@Ebooksfacebook"
          }
        ]
      }
    ],
    "name": "Ebooks Login test via faceboook",
    "description": "",
    "id": "ebooks-login-test-via-faceboook",
    "keyword": "Feature",
    "uri": "file:src/test/java/features/FacebookLogin.feature",
    "tags": [
      {
        "name": "@Ebooksfacebook",
        "type": "Tag",
        "location": {
          "line": 1,
          "column": 1
        }
      }
    ]
  }
]